<?xml version="1.0" encoding="UTF-8"?>
<testsuite name="Como empleado y con rol administrativo necesito administrar los grados de pago del aplicativo web" tests="1" skipped="0" failures="0" errors="0" timestamp="2021-10-23T13:21:37" hostname="DESKTOP-P44GADF" time="47.461">
  <properties/>
  <testcase name="Se permite añadir un grado de pago cuyo nombre NO existe y añadirle un tipo de moneda," classname="Como empleado y con rol administrativo necesito administrar los grados de pago del aplicativo web" time="47.461"/>
  <system-out><![CDATA[]]></system-out>
  <system-err><![CDATA[[Test worker] INFO io.cucumber.core.plugin.SerenityReporter - Running feature from file:///D:/Users/Antonio%20Coque/Desktop/Sofka%20U/Curso/Automatizacion/automation-webui/src/test/resources/features/paygrades/paygrade.feature
[Test worker] WARN io.cucumber.core.plugin.SerenityReporter - Feature from file:///D:/Users/Antonio%20Coque/Desktop/Sofka%20U/Curso/Automatizacion/automation-webui/src/test/resources/features/paygrades/paygrade.feature is not under the 'features' directory. Requirements report will not be correctly generated!
[Test worker] INFO  - 
 _____ _____ ____ _____   ____ _____  _    ____ _____ _____ ____  
|_   _| ____/ ___|_   _| / ___|_   _|/ \  |  _ \_   _| ____|  _ \ 
  | | |  _| \___ \ | |   \___ \ | | / _ \ | |_) || | |  _| | | | |
  | | | |___ ___) || |    ___) || |/ ___ \|  _ < | | | |___| |_| |
  |_| |_____|____/ |_|   |____/ |_/_/   \_\_| \_\|_| |_____|____/ 

Se permite añadir un grado de pago cuyo nombre NO existe y añadirle un tipo de moneda,(como-empleado-y-con-rol-administrativo-necesito-administrar-los-grados-de-pago-del-aplicativo-web;se-permite-añadir-un-grado-de-pago-cuyo-nombre-no-existe-y-añadirle-un-tipo-de-moneda-)
-------------------------------------------------------------------
oct. 23, 2021 8:21:38 A. M. org.openqa.selenium.remote.DesiredCapabilities chrome
INFORMACIÓN: Using `new ChromeOptions()` is preferred to `DesiredCapabilities.chrome()`
[Test worker] INFO net.serenitybdd.core.webdriver.driverproviders.ProvideNewDriver - Instantiating driver
[Test worker] INFO net.serenitybdd.core.webdriver.driverproviders.ProvideNewDriver - Driver capabilities: Capabilities {acceptInsecureCerts: false, acceptSslCerts: true, browserName: chrome, chrome.switches: --lang=es,--disable-popup-b..., goog:chromeOptions: {args: [--lang=es, --disable-popup-blocking, --disable-download-notifica..., --start-maximized, --test-type, --ignore-certificate-errors, --allow-running-insecure-co..., --disable-translate, --always-authorize-plugins, --disable-extensions], extensions: [], prefs: {behavior: allow, download.default_directory: D:\Users\Antonio Coque\Desk..., download.directory_upgrade: true, download.prompt_for_download: false, downloadPath: D:\Users\Antonio Coque\Desk..., pdfjs.disabled: true, profile.default_content_settings.popups: 0, safebrowsing.disable_download_protection: true, safebrowsing.enabled: false}}, handlesAlerts: true, loggingPrefs: org.openqa.selenium.logging..., platform: ANY, version: }
Starting ChromeDriver 94.0.4606.61 (418b78f5838ed0b1c69bb4e51ea0252171854915-refs/branch-heads/4606@{#1204}) on port 22439
Only local connections are allowed.
Please see https://chromedriver.chromium.org/security-considerations for suggestions on keeping ChromeDriver safe.
ChromeDriver was started successfully.
oct. 23, 2021 8:21:41 A. M. org.openqa.selenium.remote.ProtocolHandshake createSession
INFORMACIÓN: Detected dialect: W3C
[Test worker] INFO  - 
        __    _____ _____ ____ _____   ____   _    ____  ____  _____ ____  
  _     \ \  |_   _| ____/ ___|_   _| |  _ \ / \  / ___|/ ___|| ____|  _ \ 
 (_)_____| |   | | |  _| \___ \ | |   | |_) / _ \ \___ \\___ \|  _| | | | |
  _|_____| |   | | | |___ ___) || |   |  __/ ___ \ ___) |___) | |___| |_| |
 (_)     | |   |_| |_____|____/ |_|   |_| /_/   \_\____/|____/|_____|____/ 
        /_/                                                                

Se permite añadir un grado de pago cuyo nombre NO existe y añadirle un tipo de moneda,
----------------------------------------------------------------------------
]]></system-err>
</testsuite>
